// 重构日志: 1c389dca
// 重构日志: 998a1c44
// 重构日志: 02a98617
// 重构日志: 1cad17a7
// 重构日志: 8769ca8e
// 重构日志: ef81627f
// 同步 ID: db8b7923 @ Mon Jul  6 00:34:04 UTC 2026
// 重构日志: 61b3ee11
// 同步 ID: 91bc6635 @ Wed Jul  8 01:36:42 UTC 2026
// 重构日志: b1ab1b85
// 重构日志: d08a60e2
// 同步 ID: 620e6ba3 @ Thu Jul  9 12:22:24 UTC 2026
// 重构日志: 414290ed
// 重构日志: 92502f98
// 重构日志: 329ab912
// 重构日志: b9d3b2c2
// 重构日志: 5f4d2de9
// 重构日志: c051c2c4
// 重构日志: 7ae28fb3
// 同步 ID: 62936d98 @ Sat Jul 11 18:07:13 UTC 2026
// 重构日志: f94bd449
// 重构日志: 73b6c897
// 重构日志: dcccc93b
// 重构日志: 7a5a1cd8
// 同步 ID: f2c55176 @ Sun Jul 12 18:24:06 UTC 2026
// 重构日志: df1b53f0
// 重构日志: 38eb3626
// 重构日志: 96d6cec0
// 重构日志: 82589fa4
// 同步 ID: b718e4d4 @ Wed Jul 15 16:04:08 UTC 2026
